<?xml version="1.0" encoding="UTF-8"?>
<testng-results skipped="0" failed="0" total="1" passed="1">
  <reporter-output>
  </reporter-output>
  <suite name="Suite" duration-ms="59337" started-at="2019-11-09T14:42:23Z" finished-at="2019-11-09T14:43:22Z">
    <groups>
    </groups>
    <test name="Test" duration-ms="59337" started-at="2019-11-09T14:42:23Z" finished-at="2019-11-09T14:43:22Z">
      <class name="testCases.ExecuteTest">
        <test-method status="PASS" signature="testLogin()[pri:0, instance:testCases.ExecuteTest@4cc0edeb]" name="testLogin" duration-ms="59311" started-at="2019-11-09T20:12:23Z" finished-at="2019-11-09T20:13:22Z">
          <reporter-output>
          </reporter-output>
        </test-method> <!-- testLogin -->
      </class> <!-- testCases.ExecuteTest -->
    </test> <!-- Test -->
  </suite> <!-- Suite -->
</testng-results>
